[2024-02-01 09:06:12] local.ERROR: Too few arguments to function Illuminate\Routing\Router::get(), 0 passed in C:\wamp64\www\luciano\curso_laravel\miproyecto\vendor\laravel\framework\src\Illuminate\Support\Facades\Facade.php on line 338 and at least 1 expected {"exception":"[object] (ArgumentCountError(code: 0): Too few arguments to function Illuminate\\Routing\\Router::get(), 0 passed in C:\\wamp64\\www\\luciano\\curso_laravel\\miproyecto\\vendor\\laravel\\framework\\src\\Illuminate\\Support\\Facades\\Facade.php on line 338 and at least 1 expected at C:\\wamp64\\www\\luciano\\curso_laravel\\miproyecto\\vendor\\laravel\\framework\\src\\Illuminate\\Routing\\Router.php:148)
[stacktrace]
#0 C:\\wamp64\\www\\luciano\\curso_laravel\\miproyecto\\vendor\\laravel\\framework\\src\\Illuminate\\Support\\Facades\\Facade.php(338): Illuminate\\Routing\\Router->get()
#1 C:\\wamp64\\www\\luciano\\curso_laravel\\miproyecto\\routes\\web.php(17): Illuminate\\Support\\Facades\\Facade::__callStatic('get', Array)
#2 C:\\wamp64\\www\\luciano\\curso_laravel\\miproyecto\\vendor\\laravel\\framework\\src\\Illuminate\\Routing\\RouteFileRegistrar.php(35): require('C:\\\\wamp64\\\\www\\\\l...')
#3 C:\\wamp64\\www\\luciano\\curso_laravel\\miproyecto\\vendor\\laravel\\framework\\src\\Illuminate\\Routing\\Router.php(503): Illuminate\\Routing\\RouteFileRegistrar->register('C:\\\\wamp64\\\\www\\\\l...')
#4 C:\\wamp64\\www\\luciano\\curso_laravel\\miproyecto\\vendor\\laravel\\framework\\src\\Illuminate\\Routing\\Router.php(457): Illuminate\\Routing\\Router->loadRoutes('C:\\\\wamp64\\\\www\\\\l...')
#5 C:\\wamp64\\www\\luciano\\curso_laravel\\miproyecto\\vendor\\laravel\\framework\\src\\Illuminate\\Routing\\RouteRegistrar.php(192): Illuminate\\Routing\\Router->group(Array, 'C:\\\\wamp64\\\\www\\\\l...')
#6 C:\\wamp64\\www\\luciano\\curso_laravel\\miproyecto\\app\\Providers\\RouteServiceProvider.php(37): Illuminate\\Routing\\RouteRegistrar->group('C:\\\\wamp64\\\\www\\\\l...')
#7 C:\\wamp64\\www\\luciano\\curso_laravel\\miproyecto\\vendor\\laravel\\framework\\src\\Illuminate\\Container\\BoundMethod.php(36): App\\Providers\\RouteServiceProvider->App\\Providers\\{closure}()
#8 C:\\wamp64\\www\\luciano\\curso_laravel\\miproyecto\\vendor\\laravel\\framework\\src\\Illuminate\\Container\\Util.php(41): Illuminate\\Container\\BoundMethod::Illuminate\\Container\\{closure}()
#9 C:\\wamp64\\www\\luciano\\curso_laravel\\miproyecto\\vendor\\laravel\\framework\\src\\Illuminate\\Container\\BoundMethod.php(81): Illuminate\\Container\\Util::unwrapIfClosure(Object(Closure))
#10 C:\\wamp64\\www\\luciano\\curso_laravel\\miproyecto\\vendor\\laravel\\framework\\src\\Illuminate\\Container\\BoundMethod.php(37): Illuminate\\Container\\BoundMethod::callBoundMethod(Object(Illuminate\\Foundation\\Application), Object(Closure), Object(Closure))
#11 C:\\wamp64\\www\\luciano\\curso_laravel\\miproyecto\\vendor\\laravel\\framework\\src\\Illuminate\\Container\\Container.php(661): Illuminate\\Container\\BoundMethod::call(Object(Illuminate\\Foundation\\Application), Object(Closure), Array, NULL)
#12 C:\\wamp64\\www\\luciano\\curso_laravel\\miproyecto\\vendor\\laravel\\framework\\src\\Illuminate\\Foundation\\Support\\Providers\\RouteServiceProvider.php(120): Illuminate\\Container\\Container->call(Object(Closure))
#13 C:\\wamp64\\www\\luciano\\curso_laravel\\miproyecto\\vendor\\laravel\\framework\\src\\Illuminate\\Foundation\\Support\\Providers\\RouteServiceProvider.php(45): Illuminate\\Foundation\\Support\\Providers\\RouteServiceProvider->loadRoutes()
#14 C:\\wamp64\\www\\luciano\\curso_laravel\\miproyecto\\vendor\\laravel\\framework\\src\\Illuminate\\Container\\BoundMethod.php(36): Illuminate\\Foundation\\Support\\Providers\\RouteServiceProvider->Illuminate\\Foundation\\Support\\Providers\\{closure}()
#15 C:\\wamp64\\www\\luciano\\curso_laravel\\miproyecto\\vendor\\laravel\\framework\\src\\Illuminate\\Container\\Util.php(41): Illuminate\\Container\\BoundMethod::Illuminate\\Container\\{closure}()
#16 C:\\wamp64\\www\\luciano\\curso_laravel\\miproyecto\\vendor\\laravel\\framework\\src\\Illuminate\\Container\\BoundMethod.php(81): Illuminate\\Container\\Util::unwrapIfClosure(Object(Closure))
#17 C:\\wamp64\\www\\luciano\\curso_laravel\\miproyecto\\vendor\\laravel\\framework\\src\\Illuminate\\Container\\BoundMethod.php(37): Illuminate\\Container\\BoundMethod::callBoundMethod(Object(Illuminate\\Foundation\\Application), Object(Closure), Object(Closure))
#18 C:\\wamp64\\www\\luciano\\curso_laravel\\miproyecto\\vendor\\laravel\\framework\\src\\Illuminate\\Container\\Container.php(661): Illuminate\\Container\\BoundMethod::call(Object(Illuminate\\Foundation\\Application), Object(Closure), Array, NULL)
#19 C:\\wamp64\\www\\luciano\\curso_laravel\\miproyecto\\vendor\\laravel\\framework\\src\\Illuminate\\Support\\ServiceProvider.php(119): Illuminate\\Container\\Container->call(Object(Closure))
#20 C:\\wamp64\\www\\luciano\\curso_laravel\\miproyecto\\vendor\\laravel\\framework\\src\\Illuminate\\Foundation\\Application.php(932): Illuminate\\Support\\ServiceProvider->callBootedCallbacks()
#21 C:\\wamp64\\www\\luciano\\curso_laravel\\miproyecto\\vendor\\laravel\\framework\\src\\Illuminate\\Foundation\\Application.php(910): Illuminate\\Foundation\\Application->bootProvider(Object(App\\Providers\\RouteServiceProvider))
#22 [internal function]: Illuminate\\Foundation\\Application->Illuminate\\Foundation\\{closure}(Object(App\\Providers\\RouteServiceProvider), 23)
#23 C:\\wamp64\\www\\luciano\\curso_laravel\\miproyecto\\vendor\\laravel\\framework\\src\\Illuminate\\Foundation\\Application.php(911): array_walk(Array, Object(Closure))
#24 C:\\wamp64\\www\\luciano\\curso_laravel\\miproyecto\\vendor\\laravel\\framework\\src\\Illuminate\\Foundation\\Bootstrap\\BootProviders.php(17): Illuminate\\Foundation\\Application->boot()
#25 C:\\wamp64\\www\\luciano\\curso_laravel\\miproyecto\\vendor\\laravel\\framework\\src\\Illuminate\\Foundation\\Application.php(242): Illuminate\\Foundation\\Bootstrap\\BootProviders->bootstrap(Object(Illuminate\\Foundation\\Application))
#26 C:\\wamp64\\www\\luciano\\curso_laravel\\miproyecto\\vendor\\laravel\\framework\\src\\Illuminate\\Foundation\\Http\\Kernel.php(176): Illuminate\\Foundation\\Application->bootstrapWith(Array)
#27 C:\\wamp64\\www\\luciano\\curso_laravel\\miproyecto\\vendor\\laravel\\framework\\src\\Illuminate\\Foundation\\Http\\Kernel.php(160): Illuminate\\Foundation\\Http\\Kernel->bootstrap()
#28 C:\\wamp64\\www\\luciano\\curso_laravel\\miproyecto\\vendor\\laravel\\framework\\src\\Illuminate\\Foundation\\Http\\Kernel.php(134): Illuminate\\Foundation\\Http\\Kernel->sendRequestThroughRouter(Object(Illuminate\\Http\\Request))
#29 C:\\wamp64\\www\\luciano\\curso_laravel\\miproyecto\\public\\index.php(52): Illuminate\\Foundation\\Http\\Kernel->handle(Object(Illuminate\\Http\\Request))
#30 C:\\wamp64\\www\\luciano\\curso_laravel\\miproyecto\\vendor\\laravel\\framework\\src\\Illuminate\\Foundation\\resources\\server.php(16): require_once('C:\\\\wamp64\\\\www\\\\l...')
#31 {main}
"} 
